<?xml version="1.0" encoding="UTF-8"?>
<testng-results ignored="0" total="1" passed="1" failed="0" skipped="0">
  <reporter-output>
  </reporter-output>
  <suite started-at="2026-01-14T01:06:36 IST" name="Surefire suite" finished-at="2026-01-14T01:06:48 IST" duration-ms="12796">
    <groups>
      <group name="cucumber">
        <method signature="AbstractTestNGCucumberTests.runScenario(io.cucumber.testng.PickleWrapper,io.cucumber.testng.FeatureWrapper)[pri:0, instance:com.demoqa.runners.TestRunner@e056f20]" name="runScenario" class="io.cucumber.testng.AbstractTestNGCucumberTests"/>
      </group> <!-- cucumber -->
    </groups>
    <test started-at="2026-01-14T01:06:36 IST" name="Surefire test" finished-at="2026-01-14T01:06:48 IST" duration-ms="12796">
      <class name="com.demoqa.runners.TestRunner">
        <test-method is-config="true" signature="setUpClass(org.testng.ITestContext)[pri:0, instance:com.demoqa.runners.TestRunner@e056f20]" started-at="2026-01-14T01:06:36 IST" name="setUpClass" finished-at="2026-01-14T01:06:36 IST" duration-ms="378" status="PASS">
          <params>
            <param index="0">
              <value>
                <![CDATA[org.testng.TestRunner@59532566]]>
              </value>
            </param>
          </params>
          <reporter-output>
          </reporter-output>
        </test-method> <!-- setUpClass -->
        <test-method signature="runScenario(io.cucumber.testng.PickleWrapper,io.cucumber.testng.FeatureWrapper)[pri:0, instance:com.demoqa.runners.TestRunner@e056f20]" started-at="2026-01-14T01:06:36 IST" name="runScenario" description="Runs Cucumber Scenarios" data-provider="scenarios" finished-at="2026-01-14T01:06:48 IST" duration-ms="12357" status="PASS">
          <params>
            <param index="0">
              <value>
                <![CDATA["Launch DemoQA homepage"]]>
              </value>
            </param>
            <param index="1">
              <value>
                <![CDATA["Framework smoke test"]]>
              </value>
            </param>
          </params>
          <reporter-output>
          </reporter-output>
        </test-method> <!-- runScenario -->
        <test-method is-config="true" signature="tearDownClass()[pri:0, instance:com.demoqa.runners.TestRunner@e056f20]" started-at="2026-01-14T01:06:48 IST" name="tearDownClass" finished-at="2026-01-14T01:06:48 IST" duration-ms="33" status="PASS">
          <reporter-output>
          </reporter-output>
        </test-method> <!-- tearDownClass -->
      </class> <!-- com.demoqa.runners.TestRunner -->
    </test> <!-- Surefire test -->
  </suite> <!-- Surefire suite -->
</testng-results>
