<?xml version="1.0" encoding="UTF-8"?>
<testsuite xmlns:xsi="http://www.w3.org/2001/XMLSchema-instance" xsi:noNamespaceSchemaLocation="https://maven.apache.org/surefire/maven-surefire-plugin/xsd/surefire-test-report-3.0.xsd" version="3.0" name="com.demoqa.runners.TestRunner" time="13.206" tests="1" errors="0" skipped="0" failures="0">
  <properties>
[...]
</properties>
  <testcase name="runScenario[&quot;Launch DemoQA homepage&quot;, &quot;Framework smoke test&quot;](1)" classname="com.demoqa.runners.TestRunner" time="12.357">
    <system-out><![CDATA[
@smoke
Scenario: Launch DemoQA homepage  # src/test/resources/features/smoke.feature:4
  âœ” Given application is launched # com.demoqa.stepdefinitions.SmokeSteps.application_is_launched()
]]></system-out>
    <system-err><![CDATA[SLF4J(W): No SLF4J providers were found.
SLF4J(W): Defaulting to no-operation (NOP) logger implementation
SLF4J(W): See https://www.slf4j.org/codes.html#noProviders for further details.
]]></system-err>
  </testcase>
</testsuite>